<?xml version="1.0" encoding="UTF-8"?>
<!-- Generated by org.testng.reporters.JUnitReportReporter -->
<testsuite skipped="0" hostname="ASDP1498PO01976" name="com.testprojects.ReadAndWriteToExcel.ReadAndWriteTestClass" tests="4" failures="0" timestamp="05 Jun 2020 10:38:39 GMT" time="5.097" errors="0">
  <testcase name="getDataFromTable" time="0.609" classname="com.testprojects.ReadAndWriteToExcel.ReadAndWriteTestClass"/>
  <testcase name="launchURL" time="2.971" classname="com.testprojects.ReadAndWriteToExcel.ReadAndWriteTestClass"/>
  <testcase name="readDAtaFromExcelFile" time="0.199" classname="com.testprojects.ReadAndWriteToExcel.ReadAndWriteTestClass"/>
  <testcase name="writeDataInExcelFile" time="1.318" classname="com.testprojects.ReadAndWriteToExcel.ReadAndWriteTestClass"/>
</testsuite> <!-- com.testprojects.ReadAndWriteToExcel.ReadAndWriteTestClass -->
